<< CAP LS
<< PASS toto
<< NICK julien
<< USER julien julien localhost :Julien FRANCAIS
>> :irc 001 julien :Welcome to the Internet Relay Network julien!julien@localhost
<< MODE julien +i
>> :irc 002 julien :Your host is irc, running version 0.0.1
>> :irc 003 julien :This server was created Mon Mar 2023 at 15:11:00 UTC
>> :irc 004 julien irc 0.0.1 iwos ob t
>> :irc MODE julien :+i
<< JOIN #chan
>> :julien!julien@localhost JOIN #chan
>> :irc MODE #chan +t
>> :irc 332 julien!julien@localhost #chan :todo : topic
>> :irc 333 julien #chan julien!julien@localhost 1681996438
>> :irc 353 julien = #chan :@julien 
>> :irc 366 julien #chan :End of /NAMES list.
<< MODE #chan
>> :irc 324 julien #chan +t
--> chanquery mode
<< WHO #chan
>> :irc 329 julien #chan 1681996438
--> event 329
>> :irc 352 julien #chan julien localhost irc julien  H@ :0 Julien FRANCAIS
--> silent event who
>> :irc 315 julien #chan :End of /WHO list.
--> chanquery who end
<< MODE #chan b
>> :irc 324 julien #chan +t
<< PING irc
>> :julien!julien@localhost PONG irc irc
--> lag pong
